/*C2*/SET SCHEMA PUBLIC
DELETE FROM "mendixsystem$version" WHERE "versionnumber"='4.2'
INSERT INTO "mendixsystem$version" VALUES('4.2','2021-08-10 12:23:46.749000','4.1.0','unversioned','RapidGrant','9.3.0.22930')
COMMIT
/*C3*/SET SCHEMA PUBLIC
DELETE FROM "mendixsystem$entityidentifier" WHERE "id"='d4154981-8dac-4150-aec5-efa3ef62a7a2'
INSERT INTO "mendixsystem$entityidentifier" VALUES('d4154981-8dac-4150-aec5-efa3ef62a7a2',4,27001)
COMMIT
INSERT INTO "system$xasinstance" VALUES(1125899906869525,'e94c41a3-6e05-4876-8f50-409805e444ce','2021-08-12 11:37:05.794000','2021-08-12 11:37:05.803000',NULL,NULL,NULL)
COMMIT
DELETE FROM "system$userrole" WHERE "id"=18014398509481996
INSERT INTO "system$userrole" VALUES(18014398509481996,'ee59467a-f389-450b-bcbf-1223aafaaa2a','Approving Authority','Approving_Authority')
DELETE FROM "system$userrole" WHERE "id"=18014398509481989
INSERT INTO "system$userrole" VALUES(18014398509481989,'7da6c9ea-960f-4dfa-ad83-f0b3af2252cf','Finance Administrator','Finance_Administartor')
DELETE FROM "system$userrole" WHERE "id"=18014398509481998
INSERT INTO "system$userrole" VALUES(18014398509481998,'3f713255-685e-4649-a471-bc9eaa7d0053','Grantee Manager','GranteeManager')
DELETE FROM "system$userrole" WHERE "id"=18014398509482185
INSERT INTO "system$userrole" VALUES(18014398509482185,'f767d217-26dc-4bc3-84c0-fdbe32897d55','','UserRole')
DELETE FROM "system$userrole" WHERE "id"=18014398509482285
INSERT INTO "system$userrole" VALUES(18014398509482285,'779f00c6-505c-491c-98a6-657027cacdc7','Investigation Officer','InvestigatingOfficer')
DELETE FROM "system$userrole" WHERE "id"=18014398509481985
INSERT INTO "system$userrole" VALUES(18014398509481985,'69464208-b204-411d-9867-7074db64987c','Grant Application Manager','GrantApplicationManager')
DELETE FROM "system$userrole" WHERE "id"=18014398509481997
INSERT INTO "system$userrole" VALUES(18014398509481997,'7441c8a6-fabc-4836-84d5-1f8f2902a49c','Applicant','Applicant')
DELETE FROM "system$userrole" WHERE "id"=18014398509481993
INSERT INTO "system$userrole" VALUES(18014398509481993,'ad9a8c2e-f801-4d0a-aec6-354476d04e90','Panel Interviewer','Pannel_Interviewers')
DELETE FROM "system$userrole" WHERE "id"=18014398509481995
INSERT INTO "system$userrole" VALUES(18014398509481995,'8dd52bfa-6d7e-453b-b506-303c0a3d9567','Administrator','Administrator')
DELETE FROM "system$userrole" WHERE "id"=18014398509482286
INSERT INTO "system$userrole" VALUES(18014398509482286,'9f8684d9-3bf9-46c1-ad35-5a8a6433e0a6','Grantee Manager HQ','GranteeManger_HeadQuarters')
DELETE FROM "system$userrole" WHERE "id"=18014398509481992
INSERT INTO "system$userrole" VALUES(18014398509481992,'fb27d527-806d-4e33-a1cd-685f5078df08','Admin','Admin')
DELETE FROM "system$userrole" WHERE "id"=18014398509482085
INSERT INTO "system$userrole" VALUES(18014398509482085,'a7c1f394-7917-411a-9173-93512aa76e24','','AnonymousUser')
COMMIT
DELETE FROM "system$user" WHERE "id"=18858823439613953
INSERT INTO "system$user" VALUES(18858823439613953,'2021-06-09 07:52:59.142000',TRUE,'2021-06-09 07:52:59.142000',NULL,FALSE,FALSE,0,FALSE,'demo_administrator','{BCrypt}$2a$10$4qulQ1BF2ilfArNqx1o.9uClfdxBOs4wz4IGPXlxnN71U.75I0sNG','Administration.Account',NULL,18858823439613953)
COMMIT
/*C4*/SET SCHEMA PUBLIC
DELETE FROM "system$user" WHERE "id"=18858823439613954
INSERT INTO "system$user" VALUES(18858823439613954,'2021-06-09 07:52:59.556000',TRUE,'2021-06-09 07:52:59.556000',NULL,FALSE,FALSE,0,FALSE,'demo_user','{BCrypt}$2a$10$SVEi5YKOdZLpj0w3Mpgkz.HYNZbOQUnb5IVXRamHWPb9UUrE1Wa9a','Administration.Account',NULL,18858823439613954)
COMMIT
DELETE FROM "mendixsystem$properties" WHERE "key"='Mendix.Runtime.DeploymentID'
INSERT INTO "mendixsystem$properties" VALUES('Mendix.Runtime.DeploymentID','637643847709898322')
COMMIT
DELETE FROM "system$session" WHERE "id"=11258999068450641
DELETE FROM "system$session_user" WHERE "system$sessionid"=11258999068450641 AND "system$userid"=18858823439614353
COMMIT
DELETE FROM "system$xasinstance" WHERE "id"=1125899906869525
INSERT INTO "system$xasinstance" VALUES(1125899906869525,'e94c41a3-6e05-4876-8f50-409805e444ce','2021-08-12 11:37:05.794000','2021-08-12 11:37:10.014000',NULL,NULL,NULL)
COMMIT
/*C2*/DELETE FROM "system$user" WHERE "id"=844424930131969
INSERT INTO "system$user" VALUES(844424930131969,'2021-06-09 07:53:01.868000',TRUE,'2021-06-09 07:53:01.868000','2021-08-07 08:48:18.035000',FALSE,FALSE,0,FALSE,'MxAdmin','{BCrypt}$2a$10$cygNtODUHigdBGB.lU6pYO5r7ghRns0RRNtSZfh6RhaHIxCGYitkS','System.User',NULL,844424930131969)
COMMIT
/*C7*/SET SCHEMA PUBLIC
DELETE FROM "mendixsystem$entityidentifier" WHERE "id"='282e2e60-88a5-469d-84a5-ba8d9151644f'
INSERT INTO "mendixsystem$entityidentifier" VALUES('282e2e60-88a5-469d-84a5-ba8d9151644f',3,23301)
COMMIT
INSERT INTO "system$user" VALUES(844424930155169,'2021-08-12 11:37:15.686000',TRUE,'2021-08-12 11:37:15.686000','2021-08-12 11:37:15.816000',FALSE,TRUE,0,FALSE,'Anonymous_6b361a0f-b57d-451d-b7c5-1fd971fad44b','{BCrypt}$2a$10$BNwVCMFB3jZ30RYAOyPQa.Vt1QDTFwLHFVxqY.6D24JyIVfTHpCvy','System.User',NULL,844424930155169)
INSERT INTO "system$userroles" VALUES(844424930155169,18014398509482085)
INSERT INTO "system$user_language" VALUES(844424930155169,25895697857380353)
COMMIT
DELETE FROM "system$user" WHERE "id"=844424930155169
INSERT INTO "system$user" VALUES(844424930155169,'2021-08-12 11:37:15.686000',TRUE,'2021-08-12 11:37:15.686000','2021-08-12 11:37:15.858000',FALSE,TRUE,0,FALSE,'Anonymous_6b361a0f-b57d-451d-b7c5-1fd971fad44b','{BCrypt}$2a$10$BNwVCMFB3jZ30RYAOyPQa.Vt1QDTFwLHFVxqY.6D24JyIVfTHpCvy','System.User',NULL,844424930155169)
COMMIT
DELETE FROM "mendixsystem$entityidentifier" WHERE "id"='37f9fd49-5318-4c63-9a51-f761779b202f'
INSERT INTO "mendixsystem$entityidentifier" VALUES('37f9fd49-5318-4c63-9a51-f761779b202f',40,24601)
COMMIT
INSERT INTO "system$session" VALUES(11258999068450741,NULL,'a34803db-4773-4095-8247-2a98824fa2f9','2021-08-12 11:37:15.944000','798da511-3202-45df-9a35-ac4b0970457f','2021-08-12 11:37:15.945000',FALSE,'fc64c15b-e139-4cfa-90be-ff0a5a661160')
INSERT INTO "system$session_user" VALUES(11258999068450741,844424930155169)
COMMIT
DELETE FROM "system$session" WHERE "id"=11258999068450741
INSERT INTO "system$session" VALUES(11258999068450741,NULL,'a34803db-4773-4095-8247-2a98824fa2f9','2021-08-12 11:37:15.944000','798da511-3202-45df-9a35-ac4b0970457f','2021-08-12 11:37:15.964000',FALSE,'fc64c15b-e139-4cfa-90be-ff0a5a661160')
COMMIT
DELETE FROM "system$session" WHERE "id"=11258999068450741
INSERT INTO "system$session" VALUES(11258999068450741,NULL,'a34803db-4773-4095-8247-2a98824fa2f9','2021-08-12 11:37:15.944000','798da511-3202-45df-9a35-ac4b0970457f','2021-08-12 11:37:21.598000',FALSE,'fc64c15b-e139-4cfa-90be-ff0a5a661160')
COMMIT
/*C9*/SET SCHEMA PUBLIC
DELETE FROM "system$user" WHERE "id"=18858823439614353
INSERT INTO "system$user" VALUES(18858823439614353,'2021-07-16 07:07:58.245000',TRUE,'2021-06-24 06:16:08.766000','2021-08-12 11:37:25.898000',FALSE,FALSE,0,FALSE,'GAM','{BCrypt}$2a$10$s7lunZrryNLjLhaFOzjfaeoSjuHHTj6Z55lLJSGFZdG6KgH11PHNu','Administration.Account',844424930131969,18858823439614353)
COMMIT
DELETE FROM "system$session" WHERE "id"=11258999068450741
INSERT INTO "system$session" VALUES(11258999068450741,NULL,'a34803db-4773-4095-8247-2a98824fa2f9','2021-08-12 11:37:15.944000','798da511-3202-45df-9a35-ac4b0970457f','2021-08-12 11:37:23.227000',FALSE,'fc64c15b-e139-4cfa-90be-ff0a5a661160')
DELETE FROM "system$session_user" WHERE "system$sessionid"=11258999068450741 AND "system$userid"=844424930155169
INSERT INTO "system$session_user" VALUES(11258999068450741,18858823439614353)
COMMIT
/*C12*/SET SCHEMA PUBLIC
DELETE FROM "system$user" WHERE "id"=844424930155169
DELETE FROM "system$userroles" WHERE "system$userid"=844424930155169 AND "system$userroleid"=18014398509482085
DELETE FROM "system$user_language" WHERE "system$userid"=844424930155169 AND "system$languageid"=25895697857380353
COMMIT
DELETE FROM "system$session" WHERE "id"=11258999068450741
INSERT INTO "system$session" VALUES(11258999068450741,NULL,'a34803db-4773-4095-8247-2a98824fa2f9','2021-08-12 11:37:15.944000','798da511-3202-45df-9a35-ac4b0970457f','2021-08-12 11:37:23.227000',FALSE,'ed4c2927-33c2-484c-9354-552b1bebd50b')
COMMIT
DELETE FROM "system$session" WHERE "id"=11258999068450741
INSERT INTO "system$session" VALUES(11258999068450741,NULL,'a34803db-4773-4095-8247-2a98824fa2f9','2021-08-12 11:37:15.944000','798da511-3202-45df-9a35-ac4b0970457f','2021-08-12 11:37:26.354000',FALSE,'ed4c2927-33c2-484c-9354-552b1bebd50b')
COMMIT
/*C36*/SET SCHEMA PUBLIC
DELETE FROM "mendixsystem$entityidentifier" WHERE "id"='b12eab5d-c25f-4ca9-a2e7-9326a70c4703'
INSERT INTO "mendixsystem$entityidentifier" VALUES('b12eab5d-c25f-4ca9-a2e7-9326a70c4703',17,53801)
COMMIT
/*C35*/SET SCHEMA PUBLIC
INSERT INTO "ugs$count" VALUES(4785074604134856,0,NULL,5,0,0,0,0,0,3,0,0)
COMMIT
/*C41*/SET SCHEMA PUBLIC
INSERT INTO "ugs$count" VALUES(4785074604134854,0,NULL,5,0,0,0,0,0,3,0,0)
COMMIT
/*C8*/SET SCHEMA PUBLIC
INSERT INTO "ugs$count" VALUES(4785074604134857,0,NULL,5,0,0,0,0,0,3,0,0)
COMMIT
/*C45*/SET SCHEMA PUBLIC
INSERT INTO "ugs$count" VALUES(4785074604134853,0,0,0,0,0,0,0,0,0,0,0)
COMMIT
/*C39*/SET SCHEMA PUBLIC
INSERT INTO "ugs$count" VALUES(4785074604134855,0,NULL,5,0,0,0,0,0,3,0,0)
INSERT INTO "ugs$count" VALUES(4785074604134858,0,NULL,5,3,0,0,0,0,0,0,0)
COMMIT
/*C37*/SET SCHEMA PUBLIC
INSERT INTO "ugs$count" VALUES(4785074604134859,0,NULL,5,0,0,0,0,0,3,0,0)
COMMIT
/*C46*/SET SCHEMA PUBLIC
DELETE FROM "system$workflowcontext" WHERE "id"=11540474045147002
INSERT INTO "system$workflowcontext" VALUES(11540474045147002,'UGS.GrantSystem','2021-08-12 11:37:39.791000',18858823439614353,'2021-08-11 12:12:59.545000',18858823439614353)
DELETE FROM "ugs$grantsystem" WHERE "id"=11540474045147002
INSERT INTO "ugs$grantsystem" VALUES(11540474045147002,'{"tableEntity":"UGS.GrantSystem","exportVisibleColumnsOnly":true,"sortData":[{"name":"Grant_Name","dir":"asc"}],"columns":[{"caption":"Grant_Name","attrName":"Grant_Name","refName":"","dateTimeType":"na","dateFormat":"MM/dd/yyyy","dateTimeFormat":"MM/dd/yyyy KK:mm a","timeFormat":"KK:mm a","groupDigits":false,"decimalPositions":2,"visible":true},{"caption":"Grant ID","attrName":"PermanentID","refName":"","dateTimeType":"na","dateFormat":"MM/dd/yyyy","dateTimeFormat":"MM/dd/yyyy KK:mm a","timeFormat":"KK:mm a","groupDigits":false,"decimalPositions":2,"visible":true},{"caption":"Ref No","attrName":"Grant_ID","refName":"","dateTimeType":"na","dateFormat":"MM/dd/yyyy","dateTimeFormat":"MM/dd/yyyy KK:mm a","timeFormat":"KK:mm a","groupDigits":false,"decimalPositions":2,"visible":true},{"caption":"Applicant Name","attrName":"ApplicantName","refName":"","dateTimeType":"na","dateFormat":"MM/dd/yyyy","dateTimeFormat":"MM/dd/yyyy KK:mm a","timeFormat":"KK:mm a","groupDigits":false,"decimalPositions":2,"visible":true},{"caption":"Status","attrName":"Status","refName":"","dateTimeType":"na","dateFormat":"MM/dd/yyyy","dateTimeFormat":"MM/dd/yyyy KK:mm a","timeFormat":"KK:mm a","groupDigits":false,"decimalPositions":2,"visible":true},{"caption":"End Date","attrName":"Close_Date","refName":"","dateTimeType":"na","dateFormat":"MM/dd/yyyy","dateTimeFormat":"MM/dd/yyyy KK:mm a","timeFormat":"KK:mm a","groupDigits":false,"decimalPositions":2,"visible":true},{"caption":"Summary","attrName":"Summary","refName":"","dateTimeType":"na","dateFormat":"MM/dd/yyyy","dateTimeFormat":"MM/dd/yyyy KK:mm a","timeFormat":"KK:mm a","groupDigits":false,"decimalPositions":2,"visible":true}]}',NULL,NULL,'UGS.GrantSystem_CurrentHoldingAccount/Administration.Account/id=''[%CurrentUser%]''\u000aand (Status!=''Transaction Approved'' or Status!=''Amount Paid'' or Status!=''Request Raised'' or Status!=''Forwarded To FA'')',NULL,TRUE,NULL,NULL,NULL,NULL,NULL,'//UGS.GrantSystem[(UGS.GrantSystem_CurrentHoldingAccount/Administration.Account/id=''[%CurrentUser%]''\u000aand (Status!=''Transaction Approved'' or Status!=''Amount Paid'' or Status!=''Request Raised'' or Status!=''Forwarded To FA''))]',264,NULL,NULL,1,NULL,FALSE,NULL,1,NULL,FALSE,'Initial Screening',NULL,NULL,NULL,0,NULL,NULL,NULL,0,NULL,FALSE,FALSE,FALSE,FALSE,FALSE,FALSE,0.00000000,0.00000000,0.00000000,NULL,0.00000000,NULL,0,NULL,'Not Taken',FALSE,NULL,NULL,NULL,NULL,NULL,0,0,0.00000000,0,NULL,'Rating',NULL,0,NULL,NULL,FALSE,NULL,NULL,NULL,NULL,NULL,NULL,NULL,'Application',FALSE,FALSE,NULL,NULL,NULL,NULL,NULL,0,TRUE,'Grant_Name=''Grant B'' and Main=false() and ApplicantName!=empty',TRUE,FALSE,'Grant_Information','Equals','GrantName',NULL)
DELETE FROM "ugs$search" WHERE "id"=70931694131085514
INSERT INTO "ugs$search" VALUES(70931694131085514,NULL,'Main Search','Grant B',NULL,NULL,NULL,TRUE,NULL,NULL)
COMMIT
/*C11*/SET SCHEMA PUBLIC
INSERT INTO "ugs$count" VALUES(4785074604134861,0,NULL,5,0,0,0,0,0,3,0,0)
COMMIT
/*C36*/INSERT INTO "ugs$count" VALUES(4785074604134862,0,NULL,5,0,0,0,0,0,3,0,0)
COMMIT
/*C29*/SET SCHEMA PUBLIC
INSERT INTO "ugs$count" VALUES(4785074604134860,0,NULL,5,0,0,0,0,0,3,0,0)
INSERT INTO "ugs$count" VALUES(4785074604134863,0,NULL,5,3,0,0,0,0,0,0,0)
COMMIT
/*C19*/SET SCHEMA PUBLIC
INSERT INTO "ugs$count" VALUES(4785074604134864,0,0,0,0,0,0,0,0,0,0,0)
COMMIT
/*C2*/INSERT INTO "ugs$count" VALUES(4785074604134865,0,NULL,5,0,0,0,0,0,3,0,0)
COMMIT
/*C46*/INSERT INTO "ugs$count" VALUES(4785074604134866,0,NULL,5,0,0,0,0,0,3,0,0)
COMMIT
/*C23*/SET SCHEMA PUBLIC
DELETE FROM "ugs$search" WHERE "id"=70931694131085514
INSERT INTO "ugs$search" VALUES(70931694131085514,NULL,'Main Search',NULL,NULL,NULL,NULL,FALSE,NULL,NULL)
DELETE FROM "system$workflowcontext" WHERE "id"=11540474045147002
DELETE FROM "ugs$grantsystem" WHERE "id"=11540474045147002
INSERT INTO "system$workflowcontext" VALUES(11540474045147002,'UGS.GrantSystem','2021-08-12 11:37:45.570000',18858823439614353,'2021-08-11 12:12:59.545000',18858823439614353)
INSERT INTO "ugs$grantsystem" VALUES(11540474045147002,'{"tableEntity":"UGS.GrantSystem","exportVisibleColumnsOnly":true,"sortData":[{"name":"Grant_Name","dir":"asc"}],"columns":[{"caption":"Grant_Name","attrName":"Grant_Name","refName":"","dateTimeType":"na","dateFormat":"MM/dd/yyyy","dateTimeFormat":"MM/dd/yyyy KK:mm a","timeFormat":"KK:mm a","groupDigits":false,"decimalPositions":2,"visible":true},{"caption":"Grant ID","attrName":"PermanentID","refName":"","dateTimeType":"na","dateFormat":"MM/dd/yyyy","dateTimeFormat":"MM/dd/yyyy KK:mm a","timeFormat":"KK:mm a","groupDigits":false,"decimalPositions":2,"visible":true},{"caption":"Ref No","attrName":"Grant_ID","refName":"","dateTimeType":"na","dateFormat":"MM/dd/yyyy","dateTimeFormat":"MM/dd/yyyy KK:mm a","timeFormat":"KK:mm a","groupDigits":false,"decimalPositions":2,"visible":true},{"caption":"Applicant Name","attrName":"ApplicantName","refName":"","dateTimeType":"na","dateFormat":"MM/dd/yyyy","dateTimeFormat":"MM/dd/yyyy KK:mm a","timeFormat":"KK:mm a","groupDigits":false,"decimalPositions":2,"visible":true},{"caption":"Status","attrName":"Status","refName":"","dateTimeType":"na","dateFormat":"MM/dd/yyyy","dateTimeFormat":"MM/dd/yyyy KK:mm a","timeFormat":"KK:mm a","groupDigits":false,"decimalPositions":2,"visible":true},{"caption":"End Date","attrName":"Close_Date","refName":"","dateTimeType":"na","dateFormat":"MM/dd/yyyy","dateTimeFormat":"MM/dd/yyyy KK:mm a","timeFormat":"KK:mm a","groupDigits":false,"decimalPositions":2,"visible":true},{"caption":"Summary","attrName":"Summary","refName":"","dateTimeType":"na","dateFormat":"MM/dd/yyyy","dateTimeFormat":"MM/dd/yyyy KK:mm a","timeFormat":"KK:mm a","groupDigits":false,"decimalPositions":2,"visible":true}]}',NULL,NULL,'UGS.GrantSystem_CurrentHoldingAccount/Administration.Account/id=''[%CurrentUser%]''\u000aand (Status!=''Transaction Approved'' or Status!=''Amount Paid'' or Status!=''Request Raised'' or Status!=''Forwarded To FA'')',NULL,TRUE,NULL,NULL,NULL,NULL,NULL,'//UGS.GrantSystem[(UGS.GrantSystem_CurrentHoldingAccount/Administration.Account/id=''[%CurrentUser%]''\u000aand (Status!=''Transaction Approved'' or Status!=''Amount Paid'' or Status!=''Request Raised'' or Status!=''Forwarded To FA''))]',264,NULL,NULL,1,NULL,FALSE,NULL,1,NULL,FALSE,'Initial Screening',NULL,NULL,NULL,0,NULL,NULL,NULL,0,NULL,FALSE,FALSE,FALSE,FALSE,FALSE,FALSE,0.00000000,0.00000000,0.00000000,NULL,0.00000000,NULL,0,NULL,'Not Taken',FALSE,NULL,NULL,NULL,NULL,NULL,0,0,0.00000000,0,NULL,'Rating',NULL,0,NULL,NULL,FALSE,NULL,NULL,NULL,NULL,NULL,NULL,NULL,'Application',FALSE,FALSE,NULL,NULL,NULL,NULL,NULL,0,FALSE,NULL,TRUE,FALSE,'Grant_Information','Equals','GrantName',NULL)
COMMIT
/*C20*/SET SCHEMA PUBLIC
DELETE FROM "system$workflowcontext" WHERE "id"=11540474045147002
INSERT INTO "system$workflowcontext" VALUES(11540474045147002,'UGS.GrantSystem','2021-08-12 11:37:49.612000',18858823439614353,'2021-08-11 12:12:59.545000',18858823439614353)
DELETE FROM "ugs$grantsystem" WHERE "id"=11540474045147002
INSERT INTO "ugs$grantsystem" VALUES(11540474045147002,'{"tableEntity":"UGS.GrantSystem","exportVisibleColumnsOnly":true,"sortData":[{"name":"Grant_Name","dir":"asc"}],"columns":[{"caption":"Grant_Name","attrName":"Grant_Name","refName":"","dateTimeType":"na","dateFormat":"MM/dd/yyyy","dateTimeFormat":"MM/dd/yyyy KK:mm a","timeFormat":"KK:mm a","groupDigits":false,"decimalPositions":2,"visible":true},{"caption":"Grant ID","attrName":"PermanentID","refName":"","dateTimeType":"na","dateFormat":"MM/dd/yyyy","dateTimeFormat":"MM/dd/yyyy KK:mm a","timeFormat":"KK:mm a","groupDigits":false,"decimalPositions":2,"visible":true},{"caption":"Ref No","attrName":"Grant_ID","refName":"","dateTimeType":"na","dateFormat":"MM/dd/yyyy","dateTimeFormat":"MM/dd/yyyy KK:mm a","timeFormat":"KK:mm a","groupDigits":false,"decimalPositions":2,"visible":true},{"caption":"Applicant Name","attrName":"ApplicantName","refName":"","dateTimeType":"na","dateFormat":"MM/dd/yyyy","dateTimeFormat":"MM/dd/yyyy KK:mm a","timeFormat":"KK:mm a","groupDigits":false,"decimalPositions":2,"visible":true},{"caption":"Status","attrName":"Status","refName":"","dateTimeType":"na","dateFormat":"MM/dd/yyyy","dateTimeFormat":"MM/dd/yyyy KK:mm a","timeFormat":"KK:mm a","groupDigits":false,"decimalPositions":2,"visible":true},{"caption":"End Date","attrName":"Close_Date","refName":"","dateTimeType":"na","dateFormat":"MM/dd/yyyy","dateTimeFormat":"MM/dd/yyyy KK:mm a","timeFormat":"KK:mm a","groupDigits":false,"decimalPositions":2,"visible":true},{"caption":"Summary","attrName":"Summary","refName":"","dateTimeType":"na","dateFormat":"MM/dd/yyyy","dateTimeFormat":"MM/dd/yyyy KK:mm a","timeFormat":"KK:mm a","groupDigits":false,"decimalPositions":2,"visible":true}]}',NULL,NULL,'UGS.GrantSystem_CurrentHoldingAccount/Administration.Account/id=''[%CurrentUser%]''\u000aand (Status!=''Transaction Approved'' or Status!=''Amount Paid'' or Status!=''Request Raised'' or Status!=''Forwarded To FA'')',NULL,TRUE,NULL,NULL,NULL,NULL,NULL,'//UGS.GrantSystem[(UGS.GrantSystem_CurrentHoldingAccount/Administration.Account/id=''[%CurrentUser%]''\u000aand (Status!=''Transaction Approved'' or Status!=''Amount Paid'' or Status!=''Request Raised'' or Status!=''Forwarded To FA''))]',264,NULL,NULL,1,NULL,FALSE,NULL,1,NULL,FALSE,'Initial Screening',NULL,NULL,NULL,0,NULL,NULL,NULL,0,NULL,FALSE,FALSE,FALSE,FALSE,FALSE,FALSE,0.00000000,0.00000000,0.00000000,NULL,0.00000000,NULL,0,NULL,'Not Taken',FALSE,NULL,NULL,NULL,NULL,NULL,0,0,0.00000000,0,NULL,'Rating',NULL,0,NULL,NULL,FALSE,NULL,NULL,NULL,NULL,NULL,NULL,NULL,'Application',FALSE,FALSE,NULL,NULL,NULL,NULL,NULL,0,TRUE,'contains(Grant_Name ,''B'') and Main=false() and Summary!=empty',TRUE,FALSE,'Grant_Information','Equals','GrantName',NULL)
INSERT INTO "ugs$grantsystem_savesearchresult" VALUES(11540474045147002,71213169107796969)
COMMIT
/*C34*/SET SCHEMA PUBLIC
DELETE FROM "system$workflowcontext" WHERE "id"=11540474045147002
DELETE FROM "ugs$grantsystem" WHERE "id"=11540474045147002
DELETE FROM "ugs$grantsystem_savesearchresult" WHERE "ugs$grantsystemid"=11540474045147002 AND "ugs$savesearchresultid"=71213169107796969
INSERT INTO "system$workflowcontext" VALUES(11540474045147002,'UGS.GrantSystem','2021-08-12 11:37:52.867000',18858823439614353,'2021-08-11 12:12:59.545000',18858823439614353)
INSERT INTO "ugs$grantsystem" VALUES(11540474045147002,'{"tableEntity":"UGS.GrantSystem","exportVisibleColumnsOnly":true,"sortData":[{"name":"Grant_Name","dir":"asc"}],"columns":[{"caption":"Grant_Name","attrName":"Grant_Name","refName":"","dateTimeType":"na","dateFormat":"MM/dd/yyyy","dateTimeFormat":"MM/dd/yyyy KK:mm a","timeFormat":"KK:mm a","groupDigits":false,"decimalPositions":2,"visible":true},{"caption":"Grant ID","attrName":"PermanentID","refName":"","dateTimeType":"na","dateFormat":"MM/dd/yyyy","dateTimeFormat":"MM/dd/yyyy KK:mm a","timeFormat":"KK:mm a","groupDigits":false,"decimalPositions":2,"visible":true},{"caption":"Ref No","attrName":"Grant_ID","refName":"","dateTimeType":"na","dateFormat":"MM/dd/yyyy","dateTimeFormat":"MM/dd/yyyy KK:mm a","timeFormat":"KK:mm a","groupDigits":false,"decimalPositions":2,"visible":true},{"caption":"Applicant Name","attrName":"ApplicantName","refName":"","dateTimeType":"na","dateFormat":"MM/dd/yyyy","dateTimeFormat":"MM/dd/yyyy KK:mm a","timeFormat":"KK:mm a","groupDigits":false,"decimalPositions":2,"visible":true},{"caption":"Status","attrName":"Status","refName":"","dateTimeType":"na","dateFormat":"MM/dd/yyyy","dateTimeFormat":"MM/dd/yyyy KK:mm a","timeFormat":"KK:mm a","groupDigits":false,"decimalPositions":2,"visible":true},{"caption":"End Date","attrName":"Close_Date","refName":"","dateTimeType":"na","dateFormat":"MM/dd/yyyy","dateTimeFormat":"MM/dd/yyyy KK:mm a","timeFormat":"KK:mm a","groupDigits":false,"decimalPositions":2,"visible":true},{"caption":"Summary","attrName":"Summary","refName":"","dateTimeType":"na","dateFormat":"MM/dd/yyyy","dateTimeFormat":"MM/dd/yyyy KK:mm a","timeFormat":"KK:mm a","groupDigits":false,"decimalPositions":2,"visible":true}]}',NULL,NULL,'UGS.GrantSystem_CurrentHoldingAccount/Administration.Account/id=''[%CurrentUser%]''\u000aand (Status!=''Transaction Approved'' or Status!=''Amount Paid'' or Status!=''Request Raised'' or Status!=''Forwarded To FA'')',NULL,FALSE,NULL,NULL,NULL,NULL,NULL,'//UGS.GrantSystem[(UGS.GrantSystem_CurrentHoldingAccount/Administration.Account/id=''[%CurrentUser%]''\u000aand (Status!=''Transaction Approved'' or Status!=''Amount Paid'' or Status!=''Request Raised'' or Status!=''Forwarded To FA''))]',264,NULL,NULL,1,NULL,FALSE,NULL,1,NULL,FALSE,'Initial Screening',NULL,NULL,NULL,0,NULL,NULL,NULL,0,NULL,FALSE,FALSE,FALSE,FALSE,FALSE,FALSE,0.00000000,0.00000000,0.00000000,NULL,0.00000000,NULL,0,NULL,'Not Taken',FALSE,NULL,NULL,NULL,NULL,NULL,0,0,0.00000000,0,NULL,'Rating',NULL,0,NULL,NULL,FALSE,NULL,NULL,NULL,NULL,NULL,NULL,NULL,'Application',FALSE,FALSE,NULL,NULL,NULL,NULL,NULL,0,FALSE,NULL,TRUE,FALSE,'Grant_Information','Equals','GrantName',NULL)
COMMIT
/*C8*/DELETE FROM "system$session" WHERE "id"=11258999068450741
INSERT INTO "system$session" VALUES(11258999068450741,NULL,'a34803db-4773-4095-8247-2a98824fa2f9','2021-08-12 11:37:15.944000','798da511-3202-45df-9a35-ac4b0970457f','2021-08-12 11:37:52.892000',FALSE,'ed4c2927-33c2-484c-9354-552b1bebd50b')
COMMIT
/*C27*/SET SCHEMA PUBLIC
DELETE FROM "system$session" WHERE "id"=11258999068450741
INSERT INTO "system$session" VALUES(11258999068450741,NULL,'a34803db-4773-4095-8247-2a98824fa2f9','2021-08-12 11:37:15.944000','798da511-3202-45df-9a35-ac4b0970457f','2021-08-12 11:40:23.672000',FALSE,'ed4c2927-33c2-484c-9354-552b1bebd50b')
COMMIT
/*C47*/SET SCHEMA PUBLIC
INSERT INTO "ugs$count" VALUES(4785074604134867,0,NULL,5,0,0,0,0,0,3,0,0)
INSERT INTO "ugs$count" VALUES(4785074604134868,0,NULL,5,3,0,0,0,0,0,0,0)
COMMIT
/*C24*/SET SCHEMA PUBLIC
INSERT INTO "ugs$count" VALUES(4785074604134869,0,0,0,0,0,0,0,0,0,0,0)
COMMIT
INSERT INTO "ugs$count" VALUES(4785074604134870,0,NULL,5,0,0,0,0,0,3,0,0)
COMMIT
/*C47*/INSERT INTO "ugs$count" VALUES(4785074604134871,0,NULL,5,0,0,0,0,0,3,0,0)
COMMIT
/*C30*/SET SCHEMA PUBLIC
INSERT INTO "ugs$count" VALUES(4785074604134872,0,NULL,5,0,0,0,0,0,3,0,0)
COMMIT
/*C14*/SET SCHEMA PUBLIC
INSERT INTO "ugs$count" VALUES(4785074604134873,0,NULL,5,0,0,0,0,0,3,0,0)
COMMIT
/*C39*/DELETE FROM "system$session" WHERE "id"=11258999068450741
INSERT INTO "system$session" VALUES(11258999068450741,NULL,'a34803db-4773-4095-8247-2a98824fa2f9','2021-08-12 11:37:15.944000','798da511-3202-45df-9a35-ac4b0970457f','2021-08-12 11:40:25.165000',FALSE,'ed4c2927-33c2-484c-9354-552b1bebd50b')
COMMIT
/*C46*/DELETE FROM "system$xasinstance" WHERE "id"=1125899906869525
INSERT INTO "system$xasinstance" VALUES(1125899906869525,'e94c41a3-6e05-4876-8f50-409805e444ce','2021-08-12 11:37:05.794000','2021-08-12 11:42:10.105000',NULL,NULL,NULL)
COMMIT
/*C8*/DELETE FROM "system$session" WHERE "id"=11258999068450741
INSERT INTO "system$session" VALUES(11258999068450741,NULL,'a34803db-4773-4095-8247-2a98824fa2f9','2021-08-12 11:37:15.944000','798da511-3202-45df-9a35-ac4b0970457f','2021-08-12 11:45:23.870000',FALSE,'ed4c2927-33c2-484c-9354-552b1bebd50b')
COMMIT
/*C18*/SET SCHEMA PUBLIC
DISCONNECT
/*C30*/DISCONNECT
/*C42*/SET SCHEMA PUBLIC
DISCONNECT
/*C24*/DISCONNECT
/*C25*/SET SCHEMA PUBLIC
DISCONNECT
/*C16*/SET SCHEMA PUBLIC
DISCONNECT
/*C5*/SET SCHEMA PUBLIC
DISCONNECT
/*C14*/DISCONNECT
/*C33*/SET SCHEMA PUBLIC
DISCONNECT
/*C37*/DISCONNECT
/*C44*/SET SCHEMA PUBLIC
DISCONNECT
/*C17*/SET SCHEMA PUBLIC
DISCONNECT
/*C48*/SET SCHEMA PUBLIC
DISCONNECT
/*C45*/DISCONNECT
/*C21*/SET SCHEMA PUBLIC
DISCONNECT
/*C9*/DISCONNECT
/*C29*/DISCONNECT
/*C8*/DELETE FROM "system$xasinstance" WHERE "id"=1125899906869525
INSERT INTO "system$xasinstance" VALUES(1125899906869525,'e94c41a3-6e05-4876-8f50-409805e444ce','2021-08-12 11:37:05.794000','2021-08-12 11:47:10.126000',NULL,NULL,NULL)
COMMIT
/*C39*/DELETE FROM "system$session" WHERE "id"=11258999068450741
INSERT INTO "system$session" VALUES(11258999068450741,NULL,'a34803db-4773-4095-8247-2a98824fa2f9','2021-08-12 11:37:15.944000','798da511-3202-45df-9a35-ac4b0970457f','2021-08-12 11:49:10.783000',FALSE,'ed4c2927-33c2-484c-9354-552b1bebd50b')
COMMIT
/*C38*/SET SCHEMA PUBLIC
INSERT INTO "ugs$count" VALUES(4785074604134874,0,NULL,5,0,0,0,0,0,3,0,0)
INSERT INTO "ugs$count" VALUES(4785074604134875,0,NULL,5,3,0,0,0,0,0,0,0)
COMMIT
/*C43*/SET SCHEMA PUBLIC
INSERT INTO "ugs$count" VALUES(4785074604134876,0,0,0,0,0,0,0,0,0,0,0)
COMMIT
/*C20*/INSERT INTO "ugs$count" VALUES(4785074604134878,0,NULL,5,0,0,0,0,0,3,0,0)
COMMIT
/*C6*/SET SCHEMA PUBLIC
INSERT INTO "ugs$count" VALUES(4785074604134877,0,NULL,5,0,0,0,0,0,3,0,0)
COMMIT
/*C20*/INSERT INTO "ugs$count" VALUES(4785074604134879,0,NULL,5,0,0,0,0,0,3,0,0)
COMMIT
/*C12*/INSERT INTO "ugs$count" VALUES(4785074604134880,0,NULL,5,0,0,0,0,0,3,0,0)
COMMIT
/*C39*/DELETE FROM "system$session" WHERE "id"=11258999068450741
INSERT INTO "system$session" VALUES(11258999068450741,NULL,'a34803db-4773-4095-8247-2a98824fa2f9','2021-08-12 11:37:15.944000','798da511-3202-45df-9a35-ac4b0970457f','2021-08-12 11:49:14.065000',FALSE,'ed4c2927-33c2-484c-9354-552b1bebd50b')
COMMIT
/*C7*/DISCONNECT
/*C51*/SET SCHEMA PUBLIC
DISCONNECT
/*C19*/DISCONNECT
/*C11*/DISCONNECT
/*C3*/DISCONNECT
/*C4*/DISCONNECT
/*C23*/DISCONNECT
