/*C2*/SET SCHEMA PUBLIC
DELETE FROM "mendixsystem$version" WHERE "versionnumber"='4.2'
INSERT INTO "mendixsystem$version" VALUES('4.2','2021-07-20 18:51:50.216000','4.1.0','unversioned','RapidGrant','9.3.0.22930')
COMMIT
DELETE FROM "mendixsystem$entityidentifier" WHERE "id"='d4154981-8dac-4150-aec5-efa3ef62a7a2'
INSERT INTO "mendixsystem$entityidentifier" VALUES('d4154981-8dac-4150-aec5-efa3ef62a7a2',3,15201)
COMMIT
INSERT INTO "system$xasinstance" VALUES(844424930147069,'a083eb13-b1b7-49d8-803f-c30d220b1fad','2021-07-20 13:54:37.567000','2021-07-20 13:54:37.579000',NULL,NULL,NULL)
COMMIT
DELETE FROM "system$userrole" WHERE "id"=25895697857380353
INSERT INTO "system$userrole" VALUES(25895697857380353,'69464208-b204-411d-9867-7074db64987c','Grant Application Manager','GrantApplicationManager')
DELETE FROM "system$userrole" WHERE "id"=25895697857380354
INSERT INTO "system$userrole" VALUES(25895697857380354,'ad9a8c2e-f801-4d0a-aec6-354476d04e90','Panel Interviewer','Pannel_Interviewers')
DELETE FROM "system$userrole" WHERE "id"=25895697857380356
INSERT INTO "system$userrole" VALUES(25895697857380356,'53f5d6fa-6da9-4a71-b011-454ec052cce8','Board Member','Board')
DELETE FROM "system$userrole" WHERE "id"=25895697857380360
INSERT INTO "system$userrole" VALUES(25895697857380360,'7441c8a6-fabc-4836-84d5-1f8f2902a49c','Applicant','Applicant')
DELETE FROM "system$userrole" WHERE "id"=25895697857380359
INSERT INTO "system$userrole" VALUES(25895697857380359,'fb27d527-806d-4e33-a1cd-685f5078df08','Admin','Admin')
DELETE FROM "system$userrole" WHERE "id"=25895697857380358
INSERT INTO "system$userrole" VALUES(25895697857380358,'7da6c9ea-960f-4dfa-ad83-f0b3af2252cf','Finance Administrator','Finance_Administartor')
DELETE FROM "system$userrole" WHERE "id"=25895697857380553
INSERT INTO "system$userrole" VALUES(25895697857380553,'f767d217-26dc-4bc3-84c0-fdbe32897d55','','UserRole')
DELETE FROM "system$userrole" WHERE "id"=25895697857380654
INSERT INTO "system$userrole" VALUES(25895697857380654,'9f8684d9-3bf9-46c1-ad35-5a8a6433e0a6','Grantee Manager HQ','GranteeManger_HeadQuarters')
DELETE FROM "system$userrole" WHERE "id"=25895697857380357
INSERT INTO "system$userrole" VALUES(25895697857380357,'ee59467a-f389-450b-bcbf-1223aafaaa2a','Approving Authority','Approving_Authority')
DELETE FROM "system$userrole" WHERE "id"=25895697857380653
INSERT INTO "system$userrole" VALUES(25895697857380653,'779f00c6-505c-491c-98a6-657027cacdc7','Investigation Officer','InvestigatingOfficer')
DELETE FROM "system$userrole" WHERE "id"=25895697857380355
INSERT INTO "system$userrole" VALUES(25895697857380355,'8dd52bfa-6d7e-453b-b506-303c0a3d9567','Administrator','Administrator')
DELETE FROM "system$userrole" WHERE "id"=25895697857380361
INSERT INTO "system$userrole" VALUES(25895697857380361,'3f713255-685e-4649-a471-bc9eaa7d0053','Grantee Manager','GranteeManager')
DELETE FROM "system$userrole" WHERE "id"=25895697857380453
INSERT INTO "system$userrole" VALUES(25895697857380453,'a7c1f394-7917-411a-9173-93512aa76e24','','AnonymousUser')
COMMIT
/*C7*/SET SCHEMA PUBLIC
DELETE FROM "system$user" WHERE "id"=26740122787512321
INSERT INTO "system$user" VALUES(26740122787512321,'2021-06-10 06:56:45.270000',TRUE,'2021-06-10 06:56:45.270000',NULL,FALSE,FALSE,0,FALSE,'demo_administrator','{BCrypt}$2a$10$SvZkxjDHgftHy1Wugs9vG.K0hzp9o8RwXmZlMAUFZfnCoTUhkvuNK','Administration.Account',NULL,26740122787512321)
COMMIT
/*C8*/SET SCHEMA PUBLIC
DELETE FROM "system$user" WHERE "id"=26740122787512322
INSERT INTO "system$user" VALUES(26740122787512322,'2021-06-10 06:56:45.549000',TRUE,'2021-06-10 06:56:45.549000',NULL,FALSE,FALSE,0,FALSE,'demo_user','{BCrypt}$2a$10$VIjA.enzBeQYjEHEZHb.JumBE72sPXP32xW5d.66T1xuVycaJqwVy','Administration.Account',NULL,26740122787512322)
COMMIT
DELETE FROM "mendixsystem$properties" WHERE "key"='Mendix.Runtime.DeploymentID'
INSERT INTO "mendixsystem$properties" VALUES('Mendix.Runtime.DeploymentID','637624057982893734')
COMMIT
DELETE FROM "system$session" WHERE "id"=20266198323181633
DELETE FROM "system$session_user" WHERE "system$sessionid"=20266198323181633 AND "system$userid"=26740122787512721
COMMIT
DELETE FROM "system$xasinstance" WHERE "id"=844424930147069
INSERT INTO "system$xasinstance" VALUES(844424930147069,'a083eb13-b1b7-49d8-803f-c30d220b1fad','2021-07-20 13:54:37.567000','2021-07-20 13:54:44.795000',NULL,NULL,NULL)
COMMIT
/*C6*/SET SCHEMA PUBLIC
DELETE FROM "system$user" WHERE "id"=562949953421313
INSERT INTO "system$user" VALUES(562949953421313,'2021-06-10 06:56:47.368000',TRUE,'2021-06-10 06:56:47.368000','2021-07-16 11:04:00.289000',FALSE,FALSE,0,FALSE,'MxAdmin','{BCrypt}$2a$10$b2eNsAViXPtQ.Ke0IYcBheXaskuOm21B1fpd77pjYCGaDCy/Q5wSy','System.User',NULL,562949953421313)
COMMIT
DELETE FROM "mendixsystem$entityidentifier" WHERE "id"='282e2e60-88a5-469d-84a5-ba8d9151644f'
INSERT INTO "mendixsystem$entityidentifier" VALUES('282e2e60-88a5-469d-84a5-ba8d9151644f',2,13201)
COMMIT
INSERT INTO "system$user" VALUES(562949953434413,'2021-07-20 13:54:51.578000',TRUE,'2021-07-20 13:54:51.578000','2021-07-20 13:54:51.799000',FALSE,TRUE,0,FALSE,'Anonymous_c52610a9-d78f-4965-906d-8d2b84936686','{BCrypt}$2a$10$W76A7y4JcO2qlMKcagWcu.IuthT1c7X9nMjbl2KPQjMQn890mq2FK','System.User',NULL,562949953434413)
INSERT INTO "system$userroles" VALUES(562949953434413,25895697857380453)
INSERT INTO "system$user_language" VALUES(562949953434413,32088147345014785)
COMMIT
DELETE FROM "system$user" WHERE "id"=562949953434413
INSERT INTO "system$user" VALUES(562949953434413,'2021-07-20 13:54:51.578000',TRUE,'2021-07-20 13:54:51.578000','2021-07-20 13:54:51.873000',FALSE,TRUE,0,FALSE,'Anonymous_c52610a9-d78f-4965-906d-8d2b84936686','{BCrypt}$2a$10$W76A7y4JcO2qlMKcagWcu.IuthT1c7X9nMjbl2KPQjMQn890mq2FK','System.User',NULL,562949953434413)
COMMIT
DELETE FROM "mendixsystem$entityidentifier" WHERE "id"='37f9fd49-5318-4c63-9a51-f761779b202f'
INSERT INTO "mendixsystem$entityidentifier" VALUES('37f9fd49-5318-4c63-9a51-f761779b202f',72,14601)
COMMIT
INSERT INTO "system$session" VALUES(20266198323181733,NULL,'28d4da7f-945f-4fba-84cd-909c8b1df104','2021-07-20 13:54:52.008000','bfbb1a0c-28e1-405e-8c7e-d63d0bf81543','2021-07-20 13:54:52.008000',FALSE,'f85f9ad2-7548-43ed-b8e1-5d9ad7bfc5e7')
INSERT INTO "system$session_user" VALUES(20266198323181733,562949953434413)
COMMIT
DELETE FROM "system$session" WHERE "id"=20266198323181733
INSERT INTO "system$session" VALUES(20266198323181733,NULL,'28d4da7f-945f-4fba-84cd-909c8b1df104','2021-07-20 13:54:52.008000','bfbb1a0c-28e1-405e-8c7e-d63d0bf81543','2021-07-20 13:54:52.035000',FALSE,'f85f9ad2-7548-43ed-b8e1-5d9ad7bfc5e7')
COMMIT
/*C3*/SET SCHEMA PUBLIC
DELETE FROM "system$user" WHERE "id"=26740122787512921
INSERT INTO "system$user" VALUES(26740122787512921,'2021-07-14 10:03:52.799000',TRUE,'2021-07-14 10:02:17.152000','2021-07-20 13:55:02.783000',FALSE,FALSE,0,FALSE,'gam2','{BCrypt}$2a$10$XRQgEc6kXPMJwNU68Ue0IO5Or21oQwuLsJQhoMt1oTGrj8FYZgj1S','Administration.Account',562949953421313,26740122787512921)
COMMIT
/*C4*/SET SCHEMA PUBLIC
DELETE FROM "system$session" WHERE "id"=20266198323181733
INSERT INTO "system$session" VALUES(20266198323181733,NULL,'28d4da7f-945f-4fba-84cd-909c8b1df104','2021-07-20 13:54:52.008000','bfbb1a0c-28e1-405e-8c7e-d63d0bf81543','2021-07-20 13:54:55.252000',FALSE,'f85f9ad2-7548-43ed-b8e1-5d9ad7bfc5e7')
DELETE FROM "system$session_user" WHERE "system$sessionid"=20266198323181733 AND "system$userid"=562949953434413
INSERT INTO "system$session_user" VALUES(20266198323181733,26740122787512921)
COMMIT
DELETE FROM "system$user" WHERE "id"=562949953434413
DELETE FROM "system$userroles" WHERE "system$userid"=562949953434413 AND "system$userroleid"=25895697857380453
DELETE FROM "system$user_language" WHERE "system$userid"=562949953434413 AND "system$languageid"=32088147345014785
COMMIT
DELETE FROM "system$session" WHERE "id"=20266198323181733
INSERT INTO "system$session" VALUES(20266198323181733,NULL,'28d4da7f-945f-4fba-84cd-909c8b1df104','2021-07-20 13:54:52.008000','bfbb1a0c-28e1-405e-8c7e-d63d0bf81543','2021-07-20 13:54:55.252000',FALSE,'6b0dc1a0-ea94-41a2-bccd-3067672cacab')
COMMIT
DELETE FROM "system$session" WHERE "id"=20266198323181733
INSERT INTO "system$session" VALUES(20266198323181733,NULL,'28d4da7f-945f-4fba-84cd-909c8b1df104','2021-07-20 13:54:52.008000','bfbb1a0c-28e1-405e-8c7e-d63d0bf81543','2021-07-20 13:55:04.037000',FALSE,'6b0dc1a0-ea94-41a2-bccd-3067672cacab')
COMMIT
/*C7*/DELETE FROM "mendixsystem$entityidentifier" WHERE "id"='b12eab5d-c25f-4ca9-a2e7-9326a70c4703'
INSERT INTO "mendixsystem$entityidentifier" VALUES('b12eab5d-c25f-4ca9-a2e7-9326a70c4703',8,15601)
COMMIT
/*C3*/INSERT INTO "ugs$count" VALUES(2251799813700749,2,0,0,0,0,0,0,0,0,0,0)
COMMIT
/*C11*/SET SCHEMA PUBLIC
INSERT INTO "ugs$count" VALUES(2251799813700750,3,NULL,5,0,3,0,0,0,1,0,0)
INSERT INTO "ugs$count" VALUES(2251799813700751,3,NULL,5,1,0,0,0,0,0,0,0)
COMMIT
/*C2*/INSERT INTO "ugs$count" VALUES(2251799813700752,3,NULL,5,0,3,0,0,0,1,0,0)
COMMIT
/*C6*/INSERT INTO "ugs$count" VALUES(2251799813700753,3,NULL,5,0,3,0,0,0,1,0,0)
COMMIT
/*C15*/SET SCHEMA PUBLIC
INSERT INTO "ugs$count" VALUES(2251799813700754,3,NULL,5,0,3,0,0,0,1,0,0)
COMMIT
INSERT INTO "ugs$count" VALUES(2251799813700755,3,NULL,5,0,3,0,0,0,1,0,0)
COMMIT
/*C35*/SET SCHEMA PUBLIC
DELETE FROM "mendixsystem$entityidentifier" WHERE "id"='5d378a97-7ab7-4484-9956-60c5c289541a'
INSERT INTO "mendixsystem$entityidentifier" VALUES('5d378a97-7ab7-4484-9956-60c5c289541a',160,1101)
COMMIT
/*C49*/SET SCHEMA PUBLIC
INSERT INTO "dynamicform$count" VALUES(45035996273705961,0)
COMMIT
/*C33*/SET SCHEMA PUBLIC
DELETE FROM "mendixsystem$entityidentifier" WHERE "id"='97ad1aa6-ae6d-4d3c-8226-232744897e58'
INSERT INTO "mendixsystem$entityidentifier" VALUES('97ad1aa6-ae6d-4d3c-8226-232744897e58',243,2301)
COMMIT
/*C48*/SET SCHEMA PUBLIC
DELETE FROM "system$session" WHERE "id"=20266198323181733
INSERT INTO "system$session" VALUES(20266198323181733,NULL,'28d4da7f-945f-4fba-84cd-909c8b1df104','2021-07-20 13:54:52.008000','bfbb1a0c-28e1-405e-8c7e-d63d0bf81543','2021-07-20 13:56:10.387000',FALSE,'6b0dc1a0-ea94-41a2-bccd-3067672cacab')
COMMIT
/*C34*/SET SCHEMA PUBLIC
INSERT INTO "dynamicform$count" VALUES(45035996273705962,0)
COMMIT
/*C51*/SET SCHEMA PUBLIC
DELETE FROM "system$session" WHERE "id"=20266198323181733
INSERT INTO "system$session" VALUES(20266198323181733,NULL,'28d4da7f-945f-4fba-84cd-909c8b1df104','2021-07-20 13:54:52.008000','bfbb1a0c-28e1-405e-8c7e-d63d0bf81543','2021-07-20 13:56:44.571000',FALSE,'6b0dc1a0-ea94-41a2-bccd-3067672cacab')
COMMIT
/*C27*/SET SCHEMA PUBLIC
DELETE FROM "system$xasinstance" WHERE "id"=844424930147069
INSERT INTO "system$xasinstance" VALUES(844424930147069,'a083eb13-b1b7-49d8-803f-c30d220b1fad','2021-07-20 13:54:37.567000','2021-07-20 13:59:44.956000',NULL,NULL,NULL)
COMMIT
/*C42*/SET SCHEMA PUBLIC
DELETE FROM "mendixsystem$entityidentifier" WHERE "id"='685df5a6-1e02-49bb-a0b5-5a55c5e8313d'
INSERT INTO "mendixsystem$entityidentifier" VALUES('685df5a6-1e02-49bb-a0b5-5a55c5e8313d',64,10501)
COMMIT
INSERT INTO "system$scheduledeventinformation" VALUES(18014398509492386,'Running','',NULL,'2021-07-20 14:00:00.032000','DeleteExpiredTokens')
INSERT INTO "system$scheduledeventinformation_xasinstance" VALUES(18014398509492386,844424930147069)
COMMIT
/*C27*/INSERT INTO "system$scheduledeventinformation" VALUES(18014398509492385,'Running','',NULL,'2021-07-20 14:00:00.032000','SE_CleanupAuthRequest')
INSERT INTO "system$scheduledeventinformation_xasinstance" VALUES(18014398509492385,844424930147069)
COMMIT
DELETE FROM "system$scheduledeventinformation" WHERE "id"=18014398509492386
INSERT INTO "system$scheduledeventinformation" VALUES(18014398509492386,'Completed','','2021-07-20 14:00:00.118000','2021-07-20 14:00:00.032000','DeleteExpiredTokens')
COMMIT
DELETE FROM "system$scheduledeventinformation" WHERE "id"=18014398509492385
INSERT INTO "system$scheduledeventinformation" VALUES(18014398509492385,'Completed','','2021-07-20 14:00:00.126000','2021-07-20 14:00:00.032000','SE_CleanupAuthRequest')
COMMIT
